1552292174585	geckodriver	INFO	geckodriver 0.20.1
1552292174599	geckodriver	INFO	Listening on 127.0.0.1:64524
1552292175114	mozrunner::runner	INFO	Running command: "C:\\Program Files (x86)\\Mozilla Firefox\\firefox.exe" "-marionette" "-profile" "C:\\Users\\zhouzz\\AppData\\Local\\Temp\\rust_mozprofile.nMemfbbcuN2j"
1552292184125	Marionette	INFO	Enabled via --marionette
[GFX1-]: Failed to connect GPU process
[GFX1-]: [D3D11] failed to get compositor device.
[GFX1-]: [D3D11] Failed to init compositor with reason: FEATURE_FAILURE_D3D11_NO_DEVICE
Unable to read VR Path Registry from C:\Users\zhouzz\AppData\Local\openvr\openvrpaths.vrpath
JavaScript error: resource://addoninstaller/common.js, line 132: SyntaxError: "0"-prefixed octal literals and octal escape sequences are deprecated; for octal literals use the "0o" prefix instead
JavaScript error: resource://addoninstaller/common.js, line 132: SyntaxError: "0"-prefixed octal literals and octal escape sequences are deprecated; for octal literals use the "0o" prefix instead
[GFX1-]: [D3D11] failed to get compositor device.
[GFX1-]: [D3D11] Failed to init compositor with reason: FEATURE_FAILURE_D3D11_NO_DEVICE
[5816, Chrome_ChildThread] WARNING: failed to create pipe: 0: file z:/build/build/src/ipc/chromium/src/chrome/common/ipc_channel_win.cc, line 221
[5816, Chrome_ChildThread] WARNING: Unable to create pipe named "6604.0.542966095\584815609" in client mode.: file z:/build/build/src/ipc/chromium/src/chrome/common/ipc_channel_win.cc, line 59
[GFX1-]: Could not get a DXGI adapter
[GFX1-]: Compositors might be mixed (1,3)
[Parent 6604, Gecko_IOThread] WARNING: pipe error: 109: file z:/build/build/src/ipc/chromium/src/chrome/common/ipc_channel_win.cc, line 346
Unable to read VR Path Registry from C:\Users\zhouzz\AppData\Local\openvr\openvrpaths.vrpath
[Child 9232, Chrome_ChildThread] WARNING: pipe error: 109: file z:/build/build/src/ipc/chromium/src/chrome/common/ipc_channel_win.cc, line 346
[Child 9232, Chrome_ChildThread] WARNING: pipe error: 109: file z:/build/build/src/ipc/chromium/src/chrome/common/ipc_channel_win.cc, line 346
1552292199723	Marionette	INFO	Listening on port 64530
1552292199771	Marionette	WARN	TLS certificate errors will be ignored for this session
[GFX1-]: Could not get a DXGI adapter
1552292212919	Marionette	DEBUG	Register listener.js for window 4294967297
1552292213242	Marionette	DEBUG	Received DOM event "beforeunload" for "about:blank"
1552292213602	Marionette	DEBUG	Received DOM event "pagehide" for "about:blank"
1552292213602	Marionette	DEBUG	Received DOM event "unload" for "about:blank"
1552292214111	Marionette	DEBUG	Received DOM event "DOMContentLoaded" for "https://www.cnblogs.com/yoyoketang/"
1552292216722	Marionette	DEBUG	Received DOM event "pageshow" for "https://www.cnblogs.com/yoyoketang/"
Unable to read VR Path Registry from C:\Users\zhouzz\AppData\Local\openvr\openvrpaths.vrpath
[Child 4140, Chrome_ChildThread] WARNING: pipe error: 109: file z:/build/build/src/ipc/chromium/src/chrome/common/ipc_channel_win.cc, line 346
1552292227385	addons.productaddons	WARN	Failed downloading via XHR, status: 0, reason: error
[Parent 6604, Gecko_IOThread] WARNING: pipe error: 109: file z:/build/build/src/ipc/chromium/src/chrome/common/ipc_channel_win.cc, line 346
Unable to read VR Path Registry from C:\Users\zhouzz\AppData\Local\openvr\openvrpaths.vrpath
[Child 11864, Chrome_ChildThread] WARNING: pipe error: 109: file z:/build/build/src/ipc/chromium/src/chrome/common/ipc_channel_win.cc, line 346
*** UTM:SVC TimerManager:registerTimer called after profile-before-change notification. Ignoring timer registration for id: telemetry_modules_ping
